Flow report for remote
Wed Jun 13 13:29:36 2018
Quartus II Version 9.1 Build 350 03/24/2010 Service Pack 2 SJ Web Edition


---------------------
; Table of Contents ;
---------------------
  1. Legal Notice
  2. Flow Summary
  3. Flow Settings
  4. Flow Non-Default Global Settings
  5. Flow Elapsed Time
  6. Flow OS Summary
  7. Flow Log



----------------
; Legal Notice ;
----------------
Copyright (C) 1991-2010 Altera Corporation
Your use of Altera Corporation's design tools, logic functions 
and other software and tools, and its AMPP partner logic 
functions, and any output files from any of the foregoing 
(including device programming or simulation files), and any 
associated documentation or information are expressly subject 
to the terms and conditions of the Altera Program License 
Subscription Agreement, Altera MegaCore Function License 
Agreement, or other applicable license agreement, including, 
without limitation, that your use is for the sole purpose of 
programming logic devices manufactured by Altera and sold by 
Altera or its authorized distributors.  Please refer to the 
applicable agreement for further details.



+-----------------------------------------------------------------------------------+
; Flow Summary                                                                      ;
+------------------------------------+----------------------------------------------+
; Flow Status                        ; Successful - Wed Jun 13 13:29:36 2018        ;
; Quartus II Version                 ; 9.1 Build 350 03/24/2010 SP 2 SJ Web Edition ;
; Revision Name                      ; remote                                       ;
; Top-level Entity Name              ; Remoto                                       ;
; Family                             ; Cyclone IV E                                 ;
; Device                             ; EP4CE115F29C7                                ;
; Timing Models                      ; Preliminary                                  ;
; Met timing requirements            ; N/A                                          ;
; Total logic elements               ; 839 / 114,480 ( < 1 % )                      ;
;     Total combinational functions  ; 838 / 114,480 ( < 1 % )                      ;
;     Dedicated logic registers      ; 169 / 114,480 ( < 1 % )                      ;
; Total registers                    ; 169                                          ;
; Total pins                         ; 72 / 529 ( 14 % )                            ;
; Total virtual pins                 ; 0                                            ;
; Total memory bits                  ; 0 / 3,981,312 ( 0 % )                        ;
; Embedded Multiplier 9-bit elements ; 0 / 532 ( 0 % )                              ;
; Total PLLs                         ; 0 / 4 ( 0 % )                                ;
+------------------------------------+----------------------------------------------+


+-----------------------------------------+
; Flow Settings                           ;
+-------------------+---------------------+
; Option            ; Setting             ;
+-------------------+---------------------+
; Start date & time ; 06/13/2018 13:29:03 ;
; Main task         ; Compilation         ;
; Revision Name     ; remote              ;
+-------------------+---------------------+


+-----------------------------------------------------------------------------------------------------------------------------------------------+
; Flow Non-Default Global Settings                                                                                                              ;
+------------------------------------+-----------------------------------------------------------+---------------+-------------+----------------+
; Assignment Name                    ; Value                                                     ; Default Value ; Entity Name ; Section Id     ;
+------------------------------------+-----------------------------------------------------------+---------------+-------------+----------------+
; COMPILER_SIGNATURE_ID              ; 13557688976351.152890734306968                            ; --            ; --          ; --             ;
; MAX_CORE_JUNCTION_TEMP             ; 85                                                        ; --            ; --          ; --             ;
; MIN_CORE_JUNCTION_TEMP             ; 0                                                         ; --            ; --          ; --             ;
; MISC_FILE                          ; C:/Users/lfms/Documents/Controle_remoto/remote.dpf        ; --            ; --          ; --             ;
; MISC_FILE                          ; C:/Users/lfms/Downloads/Controle_remoto-master/remote.dpf ; --            ; --          ; --             ;
; NOMINAL_CORE_SUPPLY_VOLTAGE        ; 1.2V                                                      ; --            ; --          ; --             ;
; PARTITION_COLOR                    ; 16764057                                                  ; --            ; Remoto      ; Top            ;
; PARTITION_NETLIST_TYPE             ; SOURCE                                                    ; --            ; Remoto      ; Top            ;
; TOP_LEVEL_ENTITY                   ; Remoto                                                    ; remote        ; --          ; --             ;
; USE_GENERATED_PHYSICAL_CONSTRAINTS ; Off                                                       ; --            ; --          ; eda_blast_fpga ;
+------------------------------------+-----------------------------------------------------------+---------------+-------------+----------------+


+-------------------------------------------------------------------------------------------------------------------------------+
; Flow Elapsed Time                                                                                                             ;
+---------------------------+--------------+-------------------------+---------------------+------------------------------------+
; Module Name               ; Elapsed Time ; Average Processors Used ; Peak Virtual Memory ; Total CPU Time (on all processors) ;
+---------------------------+--------------+-------------------------+---------------------+------------------------------------+
; Analysis & Synthesis      ; 00:00:05     ; 1.0                     ; 233 MB              ; 00:00:05                           ;
; Fitter                    ; 00:00:18     ; 2.0                     ; 436 MB              ; 00:00:21                           ;
; Assembler                 ; 00:00:08     ; 1.0                     ; 439 MB              ; 00:00:06                           ;
; TimeQuest Timing Analyzer ; 00:00:07     ; 2.3                     ; 332 MB              ; 00:00:06                           ;
; Total                     ; 00:00:31     ; --                      ; --                  ; 00:00:32                           ;
+---------------------------+--------------+-------------------------+---------------------+------------------------------------+


+--------------------------------------------------------------------------------------------+
; Flow OS Summary                                                                            ;
+---------------------------+------------------+---------------+------------+----------------+
; Module Name               ; Machine Hostname ; OS Name       ; OS Version ; Processor type ;
+---------------------------+------------------+---------------+------------+----------------+
; Analysis & Synthesis      ; HWC08            ; Windows Vista ; 6.1        ; x86_64         ;
; Fitter                    ; HWC08            ; Windows Vista ; 6.1        ; x86_64         ;
; TimeQuest Timing Analyzer ; HWC08            ; Windows Vista ; 6.1        ; x86_64         ;
; Assembler                 ; HWC08            ; Windows Vista ; 6.1        ; x86_64         ;
+---------------------------+------------------+---------------+------------+----------------+


------------
; Flow Log ;
------------
quartus_map --read_settings_files=on --write_settings_files=off remote -c remote
quartus_fit --read_settings_files=off --write_settings_files=off remote -c remote
quartus_sta remote -c remote
quartus_asm --read_settings_files=off --write_settings_files=off remote -c remote



